<?xml version="1.0" encoding="UTF-8"?>
<robot generator="Robot 6.1.1 (Python 3.11.3 on win32)" generated="20230907 22:22:42.454" rpa="false" schemaversion="4">
<suite id="s1" name="Suites">
<suite id="s1-s1" name="Driver" source="C:\Users\Trax\PycharmProjects\demorobot\project\Driver.robot">
<kw name="launching url" library="register_robot" type="SETUP">
<arg>headlesschrome</arg>
<kw name="Open Browser" library="SeleniumLibrary">
<arg>${login url}</arg>
<arg>${browser}</arg>
<doc>Opens a new browser instance to the optional ``url``.</doc>
<msg timestamp="20230907 22:22:45.528" level="INFO">Opening browser 'headlesschrome' to base url 'https://demowebshop.tricentis.com/login'.</msg>
<status status="PASS" starttime="20230907 22:22:45.528" endtime="20230907 22:22:54.152"/>
</kw>
<status status="PASS" starttime="20230907 22:22:45.528" endtime="20230907 22:22:54.160"/>
</kw>
<test id="s1-s1-t1" name="verify login" line="12">
<kw name="invalid login">
<arg>chru@gmail.com</arg>
<arg>Python@20</arg>
<kw name="Enter registerd username" library="login_robot">
<arg>${username}</arg>
<kw name="Input Text" library="SeleniumLibrary">
<arg>${login_username}</arg>
<arg>${username}</arg>
<doc>Types the given ``text`` into the text field identified by ``locator``.</doc>
<msg timestamp="20230907 22:22:54.168" level="INFO">Typing text 'chru@gmail.com' into text field 'id:Email'.</msg>
<status status="PASS" starttime="20230907 22:22:54.168" endtime="20230907 22:22:54.439"/>
</kw>
<status status="PASS" starttime="20230907 22:22:54.168" endtime="20230907 22:22:54.439"/>
</kw>
<kw name="Enter registerd password" library="login_robot">
<arg>${password}</arg>
<kw name="Input Text" library="SeleniumLibrary">
<arg>${login_password}</arg>
<arg>${password}</arg>
<doc>Types the given ``text`` into the text field identified by ``locator``.</doc>
<msg timestamp="20230907 22:22:54.447" level="INFO">Typing text 'Python@20' into text field 'id:Password'.</msg>
<status status="PASS" starttime="20230907 22:22:54.439" endtime="20230907 22:22:54.707"/>
</kw>
<status status="PASS" starttime="20230907 22:22:54.439" endtime="20230907 22:22:54.707"/>
</kw>
<kw name="Click login button" library="login_robot">
<kw name="Click Element" library="SeleniumLibrary">
<arg>${login_button}</arg>
<doc>Click the element identified by ``locator``.</doc>
<msg timestamp="20230907 22:22:54.715" level="INFO">Clicking element 'xpath://input[@value='Log in']'.</msg>
<status status="PASS" starttime="20230907 22:22:54.715" endtime="20230907 22:22:55.826"/>
</kw>
<status status="PASS" starttime="20230907 22:22:54.715" endtime="20230907 22:22:55.826"/>
</kw>
<kw name="Error message visible" library="login_robot">
<kw name="Page Should Contain" library="SeleniumLibrary">
<arg>Login was unsuccessful.</arg>
<doc>Verifies that current page contains ``text``.</doc>
<msg timestamp="20230907 22:22:55.882" level="INFO">Current page contains text 'Login was unsuccessful.'.</msg>
<status status="PASS" starttime="20230907 22:22:55.834" endtime="20230907 22:22:55.882"/>
</kw>
<status status="PASS" starttime="20230907 22:22:55.826" endtime="20230907 22:22:55.882"/>
</kw>
<status status="PASS" starttime="20230907 22:22:54.160" endtime="20230907 22:22:55.890"/>
</kw>
<status status="PASS" starttime="20230907 22:22:54.160" endtime="20230907 22:22:55.890"/>
</test>
<test id="s1-s1-t2" name="verify login" line="12">
<kw name="invalid login">
<arg>chriu22py@gmail.com</arg>
<arg>Python@202</arg>
<kw name="Enter registerd username" library="login_robot">
<arg>${username}</arg>
<kw name="Input Text" library="SeleniumLibrary">
<arg>${login_username}</arg>
<arg>${username}</arg>
<doc>Types the given ``text`` into the text field identified by ``locator``.</doc>
<msg timestamp="20230907 22:22:55.900" level="INFO">Typing text 'chriu22py@gmail.com' into text field 'id:Email'.</msg>
<status status="PASS" starttime="20230907 22:22:55.900" endtime="20230907 22:22:56.192"/>
</kw>
<status status="PASS" starttime="20230907 22:22:55.900" endtime="20230907 22:22:56.192"/>
</kw>
<kw name="Enter registerd password" library="login_robot">
<arg>${password}</arg>
<kw name="Input Text" library="SeleniumLibrary">
<arg>${login_password}</arg>
<arg>${password}</arg>
<doc>Types the given ``text`` into the text field identified by ``locator``.</doc>
<msg timestamp="20230907 22:22:56.200" level="INFO">Typing text 'Python@202' into text field 'id:Password'.</msg>
<status status="PASS" starttime="20230907 22:22:56.192" endtime="20230907 22:22:56.641"/>
</kw>
<status status="PASS" starttime="20230907 22:22:56.192" endtime="20230907 22:22:56.641"/>
</kw>
<kw name="Click login button" library="login_robot">
<kw name="Click Element" library="SeleniumLibrary">
<arg>${login_button}</arg>
<doc>Click the element identified by ``locator``.</doc>
<msg timestamp="20230907 22:22:56.641" level="INFO">Clicking element 'xpath://input[@value='Log in']'.</msg>
<status status="PASS" starttime="20230907 22:22:56.641" endtime="20230907 22:22:58.114"/>
</kw>
<status status="PASS" starttime="20230907 22:22:56.641" endtime="20230907 22:22:58.122"/>
</kw>
<kw name="Error message visible" library="login_robot">
<kw name="Page Should Contain" library="SeleniumLibrary">
<arg>Login was unsuccessful.</arg>
<doc>Verifies that current page contains ``text``.</doc>
<msg timestamp="20230907 22:22:58.184" level="INFO">Current page contains text 'Login was unsuccessful.'.</msg>
<status status="PASS" starttime="20230907 22:22:58.122" endtime="20230907 22:22:58.184"/>
</kw>
<status status="PASS" starttime="20230907 22:22:58.122" endtime="20230907 22:22:58.184"/>
</kw>
<status status="PASS" starttime="20230907 22:22:55.892" endtime="20230907 22:22:58.184"/>
</kw>
<status status="PASS" starttime="20230907 22:22:55.892" endtime="20230907 22:22:58.193"/>
</test>
<kw name="Close All Browsers" library="SeleniumLibrary" type="TEARDOWN">
<doc>Closes all open browsers and resets the browser cache.</doc>
<status status="PASS" starttime="20230907 22:22:58.193" endtime="20230907 22:23:04.483"/>
</kw>
<doc>DataDriver Testing with excel</doc>
<status status="PASS" starttime="20230907 22:22:42.545" endtime="20230907 22:23:04.483"/>
</suite>
<status status="PASS" starttime="20230907 22:22:42.482" endtime="20230907 22:23:04.483"/>
</suite>
<statistics>
<total>
<stat pass="2" fail="0" skip="0">All Tests</stat>
</total>
<tag>
</tag>
<suite>
<stat pass="2" fail="0" skip="0" id="s1" name="Suites">Suites</stat>
<stat pass="2" fail="0" skip="0" id="s1-s1" name="Driver">Suites.Driver</stat>
</suite>
</statistics>
<errors>
<msg timestamp="20230907 22:22:55.892" level="WARN">Multiple tests with name 'verify login' executed in suite 'Suites.Driver'.</msg>
</errors>
</robot>
