<?xml version="1.0" encoding="UTF-8"?>
<robot generator="Robot 6.1.1 (Python 3.11.3 on win32)" generated="20230907 22:07:48.951" rpa="false" schemaversion="4">
<suite id="s1" name="Demorobot" source="C:\Users\Trax\PycharmProjects\demorobot">
<suite id="s1-s1" name="Project" source="C:\Users\Trax\PycharmProjects\demorobot\project">
<suite id="s1-s1-s1" name="Driver" source="C:\Users\Trax\PycharmProjects\demorobot\project\Driver.robot">
<kw name="launching url" library="register_robot" type="SETUP">
<arg>headlesschrome</arg>
<kw name="Open Browser" library="SeleniumLibrary">
<arg>${login url}</arg>
<arg>${browser}</arg>
<doc>Opens a new browser instance to the optional ``url``.</doc>
<msg timestamp="20230907 22:07:51.648" level="INFO">Opening browser 'headlesschrome' to base url 'https://demowebshop.tricentis.com/login'.</msg>
<status status="PASS" starttime="20230907 22:07:51.648" endtime="20230907 22:08:08.263"/>
</kw>
<status status="PASS" starttime="20230907 22:07:51.648" endtime="20230907 22:08:08.263"/>
</kw>
<test id="s1-s1-s1-t1" name="verify login" line="12">
<kw name="invalid login">
<arg>chru@gmail.com</arg>
<arg>Python@20</arg>
<kw name="Enter registerd username" library="login_robot">
<arg>${username}</arg>
<kw name="Input Text" library="SeleniumLibrary">
<arg>${login_username}</arg>
<arg>${username}</arg>
<doc>Types the given ``text`` into the text field identified by ``locator``.</doc>
<msg timestamp="20230907 22:08:08.263" level="INFO">Typing text 'chru@gmail.com' into text field 'id:Email'.</msg>
<status status="PASS" starttime="20230907 22:08:08.263" endtime="20230907 22:08:08.536"/>
</kw>
<status status="PASS" starttime="20230907 22:08:08.263" endtime="20230907 22:08:08.536"/>
</kw>
<kw name="Enter registerd password" library="login_robot">
<arg>${password}</arg>
<kw name="Input Text" library="SeleniumLibrary">
<arg>${login_password}</arg>
<arg>${password}</arg>
<doc>Types the given ``text`` into the text field identified by ``locator``.</doc>
<msg timestamp="20230907 22:08:08.536" level="INFO">Typing text 'Python@20' into text field 'id:Password'.</msg>
<status status="PASS" starttime="20230907 22:08:08.536" endtime="20230907 22:08:08.763"/>
</kw>
<status status="PASS" starttime="20230907 22:08:08.536" endtime="20230907 22:08:08.763"/>
</kw>
<kw name="Click login button" library="login_robot">
<kw name="Click Element" library="SeleniumLibrary">
<arg>${login_button}</arg>
<doc>Click the element identified by ``locator``.</doc>
<msg timestamp="20230907 22:08:08.771" level="INFO">Clicking element 'xpath://input[@value='Log in']'.</msg>
<status status="PASS" starttime="20230907 22:08:08.771" endtime="20230907 22:08:09.937"/>
</kw>
<status status="PASS" starttime="20230907 22:08:08.763" endtime="20230907 22:08:09.937"/>
</kw>
<kw name="Error message visible" library="login_robot">
<kw name="Page Should Contain" library="SeleniumLibrary">
<arg>Login was unsuccessful.</arg>
<doc>Verifies that current page contains ``text``.</doc>
<msg timestamp="20230907 22:08:09.983" level="INFO">Current page contains text 'Login was unsuccessful.'.</msg>
<status status="PASS" starttime="20230907 22:08:09.952" endtime="20230907 22:08:09.983"/>
</kw>
<status status="PASS" starttime="20230907 22:08:09.952" endtime="20230907 22:08:09.983"/>
</kw>
<status status="PASS" starttime="20230907 22:08:08.263" endtime="20230907 22:08:09.983"/>
</kw>
<status status="PASS" starttime="20230907 22:08:08.263" endtime="20230907 22:08:09.983"/>
</test>
<test id="s1-s1-s1-t2" name="verify login" line="12">
<kw name="invalid login">
<arg>chriu22py@gmail.com</arg>
<arg>Python@202</arg>
<kw name="Enter registerd username" library="login_robot">
<arg>${username}</arg>
<kw name="Input Text" library="SeleniumLibrary">
<arg>${login_username}</arg>
<arg>${username}</arg>
<doc>Types the given ``text`` into the text field identified by ``locator``.</doc>
<msg timestamp="20230907 22:08:09.999" level="INFO">Typing text 'chriu22py@gmail.com' into text field 'id:Email'.</msg>
<status status="PASS" starttime="20230907 22:08:09.983" endtime="20230907 22:08:10.229"/>
</kw>
<status status="PASS" starttime="20230907 22:08:09.983" endtime="20230907 22:08:10.229"/>
</kw>
<kw name="Enter registerd password" library="login_robot">
<arg>${password}</arg>
<kw name="Input Text" library="SeleniumLibrary">
<arg>${login_password}</arg>
<arg>${password}</arg>
<doc>Types the given ``text`` into the text field identified by ``locator``.</doc>
<msg timestamp="20230907 22:08:10.237" level="INFO">Typing text 'Python@202' into text field 'id:Password'.</msg>
<status status="PASS" starttime="20230907 22:08:10.237" endtime="20230907 22:08:10.459"/>
</kw>
<status status="PASS" starttime="20230907 22:08:10.229" endtime="20230907 22:08:10.459"/>
</kw>
<kw name="Click login button" library="login_robot">
<kw name="Click Element" library="SeleniumLibrary">
<arg>${login_button}</arg>
<doc>Click the element identified by ``locator``.</doc>
<msg timestamp="20230907 22:08:10.467" level="INFO">Clicking element 'xpath://input[@value='Log in']'.</msg>
<status status="PASS" starttime="20230907 22:08:10.467" endtime="20230907 22:08:11.291"/>
</kw>
<status status="PASS" starttime="20230907 22:08:10.459" endtime="20230907 22:08:11.291"/>
</kw>
<kw name="Error message visible" library="login_robot">
<kw name="Page Should Contain" library="SeleniumLibrary">
<arg>Login was unsuccessful.</arg>
<doc>Verifies that current page contains ``text``.</doc>
<msg timestamp="20230907 22:08:11.316" level="INFO">Current page contains text 'Login was unsuccessful.'.</msg>
<status status="PASS" starttime="20230907 22:08:11.291" endtime="20230907 22:08:11.316"/>
</kw>
<status status="PASS" starttime="20230907 22:08:11.291" endtime="20230907 22:08:11.316"/>
</kw>
<status status="PASS" starttime="20230907 22:08:09.983" endtime="20230907 22:08:11.316"/>
</kw>
<status status="PASS" starttime="20230907 22:08:09.983" endtime="20230907 22:08:11.316"/>
</test>
<kw name="Close All Browsers" library="SeleniumLibrary" type="TEARDOWN">
<doc>Closes all open browsers and resets the browser cache.</doc>
<status status="PASS" starttime="20230907 22:08:11.316" endtime="20230907 22:08:17.505"/>
</kw>
<doc>DataDriver Testing with excel</doc>
<status status="PASS" starttime="20230907 22:07:49.028" endtime="20230907 22:08:17.505"/>
</suite>
<status status="PASS" starttime="20230907 22:07:49.028" endtime="20230907 22:08:17.505"/>
</suite>
<status status="PASS" starttime="20230907 22:07:48.966" endtime="20230907 22:08:17.505"/>
</suite>
<statistics>
<total>
<stat pass="2" fail="0" skip="0">All Tests</stat>
</total>
<tag>
</tag>
<suite>
<stat pass="2" fail="0" skip="0" id="s1" name="Demorobot">Demorobot</stat>
<stat pass="2" fail="0" skip="0" id="s1-s1" name="Project">Demorobot.Project</stat>
<stat pass="2" fail="0" skip="0" id="s1-s1-s1" name="Driver">Demorobot.Project.Driver</stat>
</suite>
</statistics>
<errors>
<msg timestamp="20230907 22:08:09.983" level="WARN">Multiple tests with name 'verify login' executed in suite 'Demorobot.Project.Driver'.</msg>
</errors>
</robot>
