<?xml version="1.0" encoding="UTF-8"?>
<robot generator="Robot 6.1.1 (Python 3.11.3 on win32)" generated="20230905 12:50:58.304" rpa="false" schemaversion="4">
<suite id="s1" name="Pom" source="C:\Users\Trax\PycharmProjects\demorobot\project\pom.robot">
<test id="s1-t1" name="for loop" line="87">
<for flavor="IN RANGE">
<var>${d}</var>
<value>0</value>
<value>10</value>
<value>2</value>
<iter>
<var name="${d}">0</var>
<if>
<branch type="IF" condition="${d} &gt; 7">
<kw name="Exit For Loop" library="BuiltIn">
<doc>Stops executing the enclosing FOR loop.</doc>
<status status="NOT RUN" starttime="20230905 12:50:59.285" endtime="20230905 12:50:59.285"/>
</kw>
<status status="NOT RUN" starttime="20230905 12:50:59.285" endtime="20230905 12:50:59.285"/>
</branch>
<status status="PASS" starttime="20230905 12:50:59.285" endtime="20230905 12:50:59.285"/>
</if>
<kw name="Log To Console" library="BuiltIn">
<arg>${d}</arg>
<doc>Logs the given message to the console.</doc>
<status status="PASS" starttime="20230905 12:50:59.285" endtime="20230905 12:50:59.285"/>
</kw>
<status status="PASS" starttime="20230905 12:50:59.285" endtime="20230905 12:50:59.285"/>
</iter>
<iter>
<var name="${d}">2</var>
<if>
<branch type="IF" condition="${d} &gt; 7">
<kw name="Exit For Loop" library="BuiltIn">
<doc>Stops executing the enclosing FOR loop.</doc>
<status status="NOT RUN" starttime="20230905 12:50:59.285" endtime="20230905 12:50:59.285"/>
</kw>
<status status="NOT RUN" starttime="20230905 12:50:59.285" endtime="20230905 12:50:59.285"/>
</branch>
<status status="PASS" starttime="20230905 12:50:59.285" endtime="20230905 12:50:59.285"/>
</if>
<kw name="Log To Console" library="BuiltIn">
<arg>${d}</arg>
<doc>Logs the given message to the console.</doc>
<status status="PASS" starttime="20230905 12:50:59.285" endtime="20230905 12:50:59.285"/>
</kw>
<status status="PASS" starttime="20230905 12:50:59.285" endtime="20230905 12:50:59.285"/>
</iter>
<iter>
<var name="${d}">4</var>
<if>
<branch type="IF" condition="${d} &gt; 7">
<kw name="Exit For Loop" library="BuiltIn">
<doc>Stops executing the enclosing FOR loop.</doc>
<status status="NOT RUN" starttime="20230905 12:50:59.285" endtime="20230905 12:50:59.285"/>
</kw>
<status status="NOT RUN" starttime="20230905 12:50:59.285" endtime="20230905 12:50:59.285"/>
</branch>
<status status="PASS" starttime="20230905 12:50:59.285" endtime="20230905 12:50:59.285"/>
</if>
<kw name="Log To Console" library="BuiltIn">
<arg>${d}</arg>
<doc>Logs the given message to the console.</doc>
<status status="PASS" starttime="20230905 12:50:59.285" endtime="20230905 12:50:59.285"/>
</kw>
<status status="PASS" starttime="20230905 12:50:59.285" endtime="20230905 12:50:59.285"/>
</iter>
<iter>
<var name="${d}">6</var>
<if>
<branch type="IF" condition="${d} &gt; 7">
<kw name="Exit For Loop" library="BuiltIn">
<doc>Stops executing the enclosing FOR loop.</doc>
<status status="NOT RUN" starttime="20230905 12:50:59.361" endtime="20230905 12:50:59.361"/>
</kw>
<status status="NOT RUN" starttime="20230905 12:50:59.300" endtime="20230905 12:50:59.361"/>
</branch>
<status status="PASS" starttime="20230905 12:50:59.300" endtime="20230905 12:50:59.361"/>
</if>
<kw name="Log To Console" library="BuiltIn">
<arg>${d}</arg>
<doc>Logs the given message to the console.</doc>
<status status="PASS" starttime="20230905 12:50:59.361" endtime="20230905 12:50:59.361"/>
</kw>
<status status="PASS" starttime="20230905 12:50:59.285" endtime="20230905 12:50:59.377"/>
</iter>
<iter>
<var name="${d}">8</var>
<if>
<branch type="IF" condition="${d} &gt; 7">
<kw name="Exit For Loop" library="BuiltIn">
<doc>Stops executing the enclosing FOR loop.</doc>
<msg timestamp="20230905 12:50:59.377" level="INFO">Exiting for loop altogether.</msg>
<status status="PASS" starttime="20230905 12:50:59.377" endtime="20230905 12:50:59.377"/>
</kw>
<status status="PASS" starttime="20230905 12:50:59.377" endtime="20230905 12:50:59.377"/>
</branch>
<status status="PASS" starttime="20230905 12:50:59.377" endtime="20230905 12:50:59.377"/>
</if>
<kw name="Log To Console" library="BuiltIn">
<arg>${d}</arg>
<doc>Logs the given message to the console.</doc>
<status status="NOT RUN" starttime="20230905 12:50:59.377" endtime="20230905 12:50:59.377"/>
</kw>
<status status="PASS" starttime="20230905 12:50:59.377" endtime="20230905 12:50:59.377"/>
</iter>
<status status="PASS" starttime="20230905 12:50:59.285" endtime="20230905 12:50:59.377"/>
</for>
<kw name="Create List" library="BuiltIn">
<var>${data}</var>
<arg>1</arg>
<arg>2</arg>
<arg>3</arg>
<arg>5</arg>
<arg>7</arg>
<arg>8</arg>
<arg>9</arg>
<arg>3</arg>
<doc>Returns a list containing given items.</doc>
<msg timestamp="20230905 12:50:59.377" level="INFO">${data} = ['1', '2', '3', '5', '7', '8', '9', '3']</msg>
<status status="PASS" starttime="20230905 12:50:59.377" endtime="20230905 12:50:59.377"/>
</kw>
<kw name="Create List" library="BuiltIn">
<var>@{data}</var>
<arg>1</arg>
<arg>2</arg>
<arg>3</arg>
<arg>5</arg>
<arg>7</arg>
<arg>8</arg>
<arg>9</arg>
<arg>3</arg>
<doc>Returns a list containing given items.</doc>
<msg timestamp="20230905 12:50:59.392" level="INFO">@{data} = [ 1 | 2 | 3 | 5 | 7 | 8 | 9 | 3 ]</msg>
<status status="PASS" starttime="20230905 12:50:59.377" endtime="20230905 12:50:59.392"/>
</kw>
<for flavor="IN">
<var>${d}</var>
<value>@{data}</value>
<iter>
<var name="${d}">1</var>
<kw name="Log To Console" library="BuiltIn">
<arg>${d}</arg>
<doc>Logs the given message to the console.</doc>
<status status="PASS" starttime="20230905 12:50:59.392" endtime="20230905 12:50:59.392"/>
</kw>
<status status="PASS" starttime="20230905 12:50:59.392" endtime="20230905 12:50:59.392"/>
</iter>
<iter>
<var name="${d}">2</var>
<kw name="Log To Console" library="BuiltIn">
<arg>${d}</arg>
<doc>Logs the given message to the console.</doc>
<status status="PASS" starttime="20230905 12:50:59.392" endtime="20230905 12:50:59.392"/>
</kw>
<status status="PASS" starttime="20230905 12:50:59.392" endtime="20230905 12:50:59.392"/>
</iter>
<iter>
<var name="${d}">3</var>
<kw name="Log To Console" library="BuiltIn">
<arg>${d}</arg>
<doc>Logs the given message to the console.</doc>
<status status="PASS" starttime="20230905 12:50:59.392" endtime="20230905 12:50:59.392"/>
</kw>
<status status="PASS" starttime="20230905 12:50:59.392" endtime="20230905 12:50:59.392"/>
</iter>
<iter>
<var name="${d}">5</var>
<kw name="Log To Console" library="BuiltIn">
<arg>${d}</arg>
<doc>Logs the given message to the console.</doc>
<status status="PASS" starttime="20230905 12:50:59.392" endtime="20230905 12:50:59.392"/>
</kw>
<status status="PASS" starttime="20230905 12:50:59.392" endtime="20230905 12:50:59.392"/>
</iter>
<iter>
<var name="${d}">7</var>
<kw name="Log To Console" library="BuiltIn">
<arg>${d}</arg>
<doc>Logs the given message to the console.</doc>
<status status="PASS" starttime="20230905 12:50:59.392" endtime="20230905 12:50:59.392"/>
</kw>
<status status="PASS" starttime="20230905 12:50:59.392" endtime="20230905 12:50:59.392"/>
</iter>
<iter>
<var name="${d}">8</var>
<kw name="Log To Console" library="BuiltIn">
<arg>${d}</arg>
<doc>Logs the given message to the console.</doc>
<status status="PASS" starttime="20230905 12:50:59.392" endtime="20230905 12:50:59.408"/>
</kw>
<status status="PASS" starttime="20230905 12:50:59.392" endtime="20230905 12:50:59.408"/>
</iter>
<iter>
<var name="${d}">9</var>
<kw name="Log To Console" library="BuiltIn">
<arg>${d}</arg>
<doc>Logs the given message to the console.</doc>
<status status="PASS" starttime="20230905 12:50:59.408" endtime="20230905 12:50:59.408"/>
</kw>
<status status="PASS" starttime="20230905 12:50:59.408" endtime="20230905 12:50:59.408"/>
</iter>
<iter>
<var name="${d}">3</var>
<kw name="Log To Console" library="BuiltIn">
<arg>${d}</arg>
<doc>Logs the given message to the console.</doc>
<status status="PASS" starttime="20230905 12:50:59.408" endtime="20230905 12:50:59.408"/>
</kw>
<status status="PASS" starttime="20230905 12:50:59.408" endtime="20230905 12:50:59.408"/>
</iter>
<status status="PASS" starttime="20230905 12:50:59.392" endtime="20230905 12:50:59.408"/>
</for>
<for flavor="IN">
<var>${name}</var>
<value>john</value>
<value>scott</value>
<value>smith</value>
<iter>
<var name="${name}">john</var>
<kw name="Log To Console" library="BuiltIn">
<arg>${name}</arg>
<doc>Logs the given message to the console.</doc>
<status status="PASS" starttime="20230905 12:50:59.408" endtime="20230905 12:50:59.408"/>
</kw>
<status status="PASS" starttime="20230905 12:50:59.408" endtime="20230905 12:50:59.408"/>
</iter>
<iter>
<var name="${name}">scott</var>
<kw name="Log To Console" library="BuiltIn">
<arg>${name}</arg>
<doc>Logs the given message to the console.</doc>
<status status="PASS" starttime="20230905 12:50:59.423" endtime="20230905 12:50:59.423"/>
</kw>
<status status="PASS" starttime="20230905 12:50:59.423" endtime="20230905 12:50:59.423"/>
</iter>
<iter>
<var name="${name}">smith</var>
<kw name="Log To Console" library="BuiltIn">
<arg>${name}</arg>
<doc>Logs the given message to the console.</doc>
<status status="PASS" starttime="20230905 12:50:59.423" endtime="20230905 12:50:59.423"/>
</kw>
<status status="PASS" starttime="20230905 12:50:59.423" endtime="20230905 12:50:59.423"/>
</iter>
<status status="PASS" starttime="20230905 12:50:59.408" endtime="20230905 12:50:59.423"/>
</for>
<for flavor="IN ENUMERATE">
<var>${index}</var>
<var>${name}</var>
<value>@{data}</value>
<iter>
<var name="${index}">0</var>
<var name="${name}">1</var>
<kw name="Log To Console" library="BuiltIn">
<arg>${name}: ${index}</arg>
<doc>Logs the given message to the console.</doc>
<status status="PASS" starttime="20230905 12:50:59.423" endtime="20230905 12:50:59.423"/>
</kw>
<status status="PASS" starttime="20230905 12:50:59.423" endtime="20230905 12:50:59.423"/>
</iter>
<iter>
<var name="${index}">1</var>
<var name="${name}">2</var>
<kw name="Log To Console" library="BuiltIn">
<arg>${name}: ${index}</arg>
<doc>Logs the given message to the console.</doc>
<status status="PASS" starttime="20230905 12:50:59.423" endtime="20230905 12:50:59.423"/>
</kw>
<status status="PASS" starttime="20230905 12:50:59.423" endtime="20230905 12:50:59.423"/>
</iter>
<iter>
<var name="${index}">2</var>
<var name="${name}">3</var>
<kw name="Log To Console" library="BuiltIn">
<arg>${name}: ${index}</arg>
<doc>Logs the given message to the console.</doc>
<status status="PASS" starttime="20230905 12:50:59.423" endtime="20230905 12:50:59.439"/>
</kw>
<status status="PASS" starttime="20230905 12:50:59.423" endtime="20230905 12:50:59.439"/>
</iter>
<iter>
<var name="${index}">3</var>
<var name="${name}">5</var>
<kw name="Log To Console" library="BuiltIn">
<arg>${name}: ${index}</arg>
<doc>Logs the given message to the console.</doc>
<status status="PASS" starttime="20230905 12:50:59.439" endtime="20230905 12:50:59.439"/>
</kw>
<status status="PASS" starttime="20230905 12:50:59.439" endtime="20230905 12:50:59.439"/>
</iter>
<iter>
<var name="${index}">4</var>
<var name="${name}">7</var>
<kw name="Log To Console" library="BuiltIn">
<arg>${name}: ${index}</arg>
<doc>Logs the given message to the console.</doc>
<status status="PASS" starttime="20230905 12:50:59.439" endtime="20230905 12:50:59.439"/>
</kw>
<status status="PASS" starttime="20230905 12:50:59.439" endtime="20230905 12:50:59.439"/>
</iter>
<iter>
<var name="${index}">5</var>
<var name="${name}">8</var>
<kw name="Log To Console" library="BuiltIn">
<arg>${name}: ${index}</arg>
<doc>Logs the given message to the console.</doc>
<status status="PASS" starttime="20230905 12:50:59.439" endtime="20230905 12:50:59.439"/>
</kw>
<status status="PASS" starttime="20230905 12:50:59.439" endtime="20230905 12:50:59.439"/>
</iter>
<iter>
<var name="${index}">6</var>
<var name="${name}">9</var>
<kw name="Log To Console" library="BuiltIn">
<arg>${name}: ${index}</arg>
<doc>Logs the given message to the console.</doc>
<status status="PASS" starttime="20230905 12:50:59.439" endtime="20230905 12:50:59.439"/>
</kw>
<status status="PASS" starttime="20230905 12:50:59.439" endtime="20230905 12:50:59.439"/>
</iter>
<iter>
<var name="${index}">7</var>
<var name="${name}">3</var>
<kw name="Log To Console" library="BuiltIn">
<arg>${name}: ${index}</arg>
<doc>Logs the given message to the console.</doc>
<status status="PASS" starttime="20230905 12:50:59.439" endtime="20230905 12:50:59.439"/>
</kw>
<status status="PASS" starttime="20230905 12:50:59.439" endtime="20230905 12:50:59.439"/>
</iter>
<status status="PASS" starttime="20230905 12:50:59.423" endtime="20230905 12:50:59.439"/>
</for>
<status status="PASS" starttime="20230905 12:50:59.269" endtime="20230905 12:50:59.455"/>
</test>
<status status="PASS" starttime="20230905 12:50:58.319" endtime="20230905 12:50:59.455"/>
</suite>
<statistics>
<total>
<stat pass="1" fail="0" skip="0">All Tests</stat>
</total>
<tag>
</tag>
<suite>
<stat pass="1" fail="0" skip="0" id="s1" name="Pom">Pom</stat>
</suite>
</statistics>
<errors>
</errors>
</robot>
