<?xml version="1.0" encoding="UTF-8"?>
<robot generator="Rebot 6.1.1 (Python 3.11.3 on win32)" generated="20230907 22:23:11.603" rpa="false" schemaversion="4">
<suite id="s1" name="Suites">
<suite id="s1-s1" name="DDT" source="C:\Users\Trax\PycharmProjects\demorobot\project\DDT.robot">
<kw name="launching url" library="register_robot" type="SETUP">
<arg>headlesschrome</arg>
<kw name="Open Browser" library="SeleniumLibrary">
<arg>${login url}</arg>
<arg>${browser}</arg>
<doc>Opens a new browser instance to the optional ``url``.</doc>
<msg timestamp="20230907 22:22:43.231" level="INFO">Opening browser 'headlesschrome' to base url 'https://demowebshop.tricentis.com/login'.</msg>
<status status="PASS" starttime="20230907 22:22:43.231" endtime="20230907 22:22:52.300"/>
</kw>
<status status="PASS" starttime="20230907 22:22:43.231" endtime="20230907 22:22:52.300"/>
</kw>
<test id="s1-s1-t1" name="right username empty pwd" line="12">
<kw name="invalid login">
<arg>chiru22py@gmail.com</arg>
<arg>${EMPTY}</arg>
<kw name="Enter registerd username" library="login_robot">
<arg>${username}</arg>
<kw name="Input Text" library="SeleniumLibrary">
<arg>${login_username}</arg>
<arg>${username}</arg>
<doc>Types the given ``text`` into the text field identified by ``locator``.</doc>
<msg timestamp="20230907 22:22:52.316" level="INFO">Typing text 'chiru22py@gmail.com' into text field 'id:Email'.</msg>
<status status="PASS" starttime="20230907 22:22:52.316" endtime="20230907 22:22:52.626"/>
</kw>
<status status="PASS" starttime="20230907 22:22:52.308" endtime="20230907 22:22:52.626"/>
</kw>
<kw name="Enter registerd password" library="login_robot">
<arg>${password}</arg>
<kw name="Input Text" library="SeleniumLibrary">
<arg>${login_password}</arg>
<arg>${password}</arg>
<doc>Types the given ``text`` into the text field identified by ``locator``.</doc>
<msg timestamp="20230907 22:22:52.634" level="INFO">Typing text '' into text field 'id:Password'.</msg>
<status status="PASS" starttime="20230907 22:22:52.634" endtime="20230907 22:22:52.879"/>
</kw>
<status status="PASS" starttime="20230907 22:22:52.626" endtime="20230907 22:22:52.879"/>
</kw>
<kw name="Click login button" library="login_robot">
<kw name="Click Element" library="SeleniumLibrary">
<arg>${login_button}</arg>
<doc>Click the element identified by ``locator``.</doc>
<msg timestamp="20230907 22:22:52.887" level="INFO">Clicking element 'xpath://input[@value='Log in']'.</msg>
<status status="PASS" starttime="20230907 22:22:52.887" endtime="20230907 22:22:54.517"/>
</kw>
<status status="PASS" starttime="20230907 22:22:52.879" endtime="20230907 22:22:54.517"/>
</kw>
<kw name="Error message visible" library="login_robot">
<kw name="Page Should Contain" library="SeleniumLibrary">
<arg>Login was unsuccessful.</arg>
<doc>Verifies that current page contains ``text``.</doc>
<msg timestamp="20230907 22:22:54.558" level="INFO">Current page contains text 'Login was unsuccessful.'.</msg>
<status status="PASS" starttime="20230907 22:22:54.517" endtime="20230907 22:22:54.558"/>
</kw>
<status status="PASS" starttime="20230907 22:22:54.517" endtime="20230907 22:22:54.558"/>
</kw>
<status status="PASS" starttime="20230907 22:22:52.300" endtime="20230907 22:22:54.558"/>
</kw>
<status status="PASS" starttime="20230907 22:22:52.300" endtime="20230907 22:22:54.558"/>
</test>
<test id="s1-s1-t2" name="empty username rigt pwd" line="13">
<kw name="invalid login">
<arg>${EMPTY}</arg>
<arg>Python@2023</arg>
<kw name="Enter registerd username" library="login_robot">
<arg>${username}</arg>
<kw name="Input Text" library="SeleniumLibrary">
<arg>${login_username}</arg>
<arg>${username}</arg>
<doc>Types the given ``text`` into the text field identified by ``locator``.</doc>
<msg timestamp="20230907 22:22:54.572" level="INFO">Typing text '' into text field 'id:Email'.</msg>
<status status="PASS" starttime="20230907 22:22:54.572" endtime="20230907 22:22:54.788"/>
</kw>
<status status="PASS" starttime="20230907 22:22:54.572" endtime="20230907 22:22:54.788"/>
</kw>
<kw name="Enter registerd password" library="login_robot">
<arg>${password}</arg>
<kw name="Input Text" library="SeleniumLibrary">
<arg>${login_password}</arg>
<arg>${password}</arg>
<doc>Types the given ``text`` into the text field identified by ``locator``.</doc>
<msg timestamp="20230907 22:22:54.796" level="INFO">Typing text 'Python@2023' into text field 'id:Password'.</msg>
<status status="PASS" starttime="20230907 22:22:54.788" endtime="20230907 22:22:55.043"/>
</kw>
<status status="PASS" starttime="20230907 22:22:54.788" endtime="20230907 22:22:55.043"/>
</kw>
<kw name="Click login button" library="login_robot">
<kw name="Click Element" library="SeleniumLibrary">
<arg>${login_button}</arg>
<doc>Click the element identified by ``locator``.</doc>
<msg timestamp="20230907 22:22:55.043" level="INFO">Clicking element 'xpath://input[@value='Log in']'.</msg>
<status status="PASS" starttime="20230907 22:22:55.043" endtime="20230907 22:22:56.184"/>
</kw>
<status status="PASS" starttime="20230907 22:22:55.043" endtime="20230907 22:22:56.192"/>
</kw>
<kw name="Error message visible" library="login_robot">
<kw name="Page Should Contain" library="SeleniumLibrary">
<arg>Login was unsuccessful.</arg>
<doc>Verifies that current page contains ``text``.</doc>
<msg timestamp="20230907 22:22:56.232" level="INFO">Current page contains text 'Login was unsuccessful.'.</msg>
<status status="PASS" starttime="20230907 22:22:56.192" endtime="20230907 22:22:56.232"/>
</kw>
<status status="PASS" starttime="20230907 22:22:56.192" endtime="20230907 22:22:56.232"/>
</kw>
<status status="PASS" starttime="20230907 22:22:54.572" endtime="20230907 22:22:56.232"/>
</kw>
<status status="PASS" starttime="20230907 22:22:54.558" endtime="20230907 22:22:56.232"/>
</test>
<test id="s1-s1-t3" name="right username wrong pwd" line="14">
<kw name="invalid login">
<arg>chiru22py@gmail.com</arg>
<arg>python@20</arg>
<kw name="Enter registerd username" library="login_robot">
<arg>${username}</arg>
<kw name="Input Text" library="SeleniumLibrary">
<arg>${login_username}</arg>
<arg>${username}</arg>
<doc>Types the given ``text`` into the text field identified by ``locator``.</doc>
<msg timestamp="20230907 22:22:56.240" level="INFO">Typing text 'chiru22py@gmail.com' into text field 'id:Email'.</msg>
<status status="PASS" starttime="20230907 22:22:56.240" endtime="20230907 22:22:56.689"/>
</kw>
<status status="PASS" starttime="20230907 22:22:56.240" endtime="20230907 22:22:56.689"/>
</kw>
<kw name="Enter registerd password" library="login_robot">
<arg>${password}</arg>
<kw name="Input Text" library="SeleniumLibrary">
<arg>${login_password}</arg>
<arg>${password}</arg>
<doc>Types the given ``text`` into the text field identified by ``locator``.</doc>
<msg timestamp="20230907 22:22:56.697" level="INFO">Typing text 'python@20' into text field 'id:Password'.</msg>
<status status="PASS" starttime="20230907 22:22:56.697" endtime="20230907 22:22:57.314"/>
</kw>
<status status="PASS" starttime="20230907 22:22:56.689" endtime="20230907 22:22:57.314"/>
</kw>
<kw name="Click login button" library="login_robot">
<kw name="Click Element" library="SeleniumLibrary">
<arg>${login_button}</arg>
<doc>Click the element identified by ``locator``.</doc>
<msg timestamp="20230907 22:22:57.323" level="INFO">Clicking element 'xpath://input[@value='Log in']'.</msg>
<status status="PASS" starttime="20230907 22:22:57.323" endtime="20230907 22:22:58.824"/>
</kw>
<status status="PASS" starttime="20230907 22:22:57.314" endtime="20230907 22:22:58.824"/>
</kw>
<kw name="Error message visible" library="login_robot">
<kw name="Page Should Contain" library="SeleniumLibrary">
<arg>Login was unsuccessful.</arg>
<doc>Verifies that current page contains ``text``.</doc>
<msg timestamp="20230907 22:22:58.877" level="INFO">Current page contains text 'Login was unsuccessful.'.</msg>
<status status="PASS" starttime="20230907 22:22:58.824" endtime="20230907 22:22:58.877"/>
</kw>
<status status="PASS" starttime="20230907 22:22:58.824" endtime="20230907 22:22:58.877"/>
</kw>
<status status="PASS" starttime="20230907 22:22:56.232" endtime="20230907 22:22:58.877"/>
</kw>
<status status="PASS" starttime="20230907 22:22:56.232" endtime="20230907 22:22:58.877"/>
</test>
<test id="s1-s1-t4" name="wrong username right pwd" line="15">
<kw name="invalid login">
<arg>chiru22@gmail.com</arg>
<arg>Python@2023</arg>
<kw name="Enter registerd username" library="login_robot">
<arg>${username}</arg>
<kw name="Input Text" library="SeleniumLibrary">
<arg>${login_username}</arg>
<arg>${username}</arg>
<doc>Types the given ``text`` into the text field identified by ``locator``.</doc>
<msg timestamp="20230907 22:22:58.893" level="INFO">Typing text 'chiru22@gmail.com' into text field 'id:Email'.</msg>
<status status="PASS" starttime="20230907 22:22:58.893" endtime="20230907 22:22:59.198"/>
</kw>
<status status="PASS" starttime="20230907 22:22:58.893" endtime="20230907 22:22:59.198"/>
</kw>
<kw name="Enter registerd password" library="login_robot">
<arg>${password}</arg>
<kw name="Input Text" library="SeleniumLibrary">
<arg>${login_password}</arg>
<arg>${password}</arg>
<doc>Types the given ``text`` into the text field identified by ``locator``.</doc>
<msg timestamp="20230907 22:22:59.206" level="INFO">Typing text 'Python@2023' into text field 'id:Password'.</msg>
<status status="PASS" starttime="20230907 22:22:59.206" endtime="20230907 22:22:59.459"/>
</kw>
<status status="PASS" starttime="20230907 22:22:59.198" endtime="20230907 22:22:59.459"/>
</kw>
<kw name="Click login button" library="login_robot">
<kw name="Click Element" library="SeleniumLibrary">
<arg>${login_button}</arg>
<doc>Click the element identified by ``locator``.</doc>
<msg timestamp="20230907 22:22:59.467" level="INFO">Clicking element 'xpath://input[@value='Log in']'.</msg>
<status status="PASS" starttime="20230907 22:22:59.459" endtime="20230907 22:23:01.032"/>
</kw>
<status status="PASS" starttime="20230907 22:22:59.459" endtime="20230907 22:23:01.032"/>
</kw>
<kw name="Error message visible" library="login_robot">
<kw name="Page Should Contain" library="SeleniumLibrary">
<arg>Login was unsuccessful.</arg>
<doc>Verifies that current page contains ``text``.</doc>
<msg timestamp="20230907 22:23:01.057" level="INFO">Current page contains text 'Login was unsuccessful.'.</msg>
<status status="PASS" starttime="20230907 22:23:01.032" endtime="20230907 22:23:01.057"/>
</kw>
<status status="PASS" starttime="20230907 22:23:01.032" endtime="20230907 22:23:01.057"/>
</kw>
<status status="PASS" starttime="20230907 22:22:58.877" endtime="20230907 22:23:01.057"/>
</kw>
<status status="PASS" starttime="20230907 22:22:58.877" endtime="20230907 22:23:01.057"/>
</test>
<test id="s1-s1-t5" name="wrong username wrong pwd" line="16">
<kw name="invalid login">
<arg>chiru22@gmail.com</arg>
<arg>python@20</arg>
<kw name="Enter registerd username" library="login_robot">
<arg>${username}</arg>
<kw name="Input Text" library="SeleniumLibrary">
<arg>${login_username}</arg>
<arg>${username}</arg>
<doc>Types the given ``text`` into the text field identified by ``locator``.</doc>
<msg timestamp="20230907 22:23:01.077" level="INFO">Typing text 'chiru22@gmail.com' into text field 'id:Email'.</msg>
<status status="PASS" starttime="20230907 22:23:01.077" endtime="20230907 22:23:01.337"/>
</kw>
<status status="PASS" starttime="20230907 22:23:01.072" endtime="20230907 22:23:01.337"/>
</kw>
<kw name="Enter registerd password" library="login_robot">
<arg>${password}</arg>
<kw name="Input Text" library="SeleniumLibrary">
<arg>${login_password}</arg>
<arg>${password}</arg>
<doc>Types the given ``text`` into the text field identified by ``locator``.</doc>
<msg timestamp="20230907 22:23:01.337" level="INFO">Typing text 'python@20' into text field 'id:Password'.</msg>
<status status="PASS" starttime="20230907 22:23:01.337" endtime="20230907 22:23:01.566"/>
</kw>
<status status="PASS" starttime="20230907 22:23:01.337" endtime="20230907 22:23:01.566"/>
</kw>
<kw name="Click login button" library="login_robot">
<kw name="Click Element" library="SeleniumLibrary">
<arg>${login_button}</arg>
<doc>Click the element identified by ``locator``.</doc>
<msg timestamp="20230907 22:23:01.566" level="INFO">Clicking element 'xpath://input[@value='Log in']'.</msg>
<status status="PASS" starttime="20230907 22:23:01.566" endtime="20230907 22:23:02.932"/>
</kw>
<status status="PASS" starttime="20230907 22:23:01.566" endtime="20230907 22:23:02.932"/>
</kw>
<kw name="Error message visible" library="login_robot">
<kw name="Page Should Contain" library="SeleniumLibrary">
<arg>Login was unsuccessful.</arg>
<doc>Verifies that current page contains ``text``.</doc>
<msg timestamp="20230907 22:23:02.994" level="INFO">Current page contains text 'Login was unsuccessful.'.</msg>
<status status="PASS" starttime="20230907 22:23:02.932" endtime="20230907 22:23:02.994"/>
</kw>
<status status="PASS" starttime="20230907 22:23:02.932" endtime="20230907 22:23:02.994"/>
</kw>
<status status="PASS" starttime="20230907 22:23:01.072" endtime="20230907 22:23:02.994"/>
</kw>
<status status="PASS" starttime="20230907 22:23:01.072" endtime="20230907 22:23:02.994"/>
</test>
<test id="s1-s1-t6" name="wrong username empty pwd" line="17">
<kw name="invalid login">
<arg>python@gamil.com</arg>
<arg>${EMPTY}</arg>
<kw name="Enter registerd username" library="login_robot">
<arg>${username}</arg>
<kw name="Input Text" library="SeleniumLibrary">
<arg>${login_username}</arg>
<arg>${username}</arg>
<doc>Types the given ``text`` into the text field identified by ``locator``.</doc>
<msg timestamp="20230907 22:23:03.010" level="INFO">Typing text 'python@gamil.com' into text field 'id:Email'.</msg>
<status status="PASS" starttime="20230907 22:23:03.010" endtime="20230907 22:23:03.456"/>
</kw>
<status status="PASS" starttime="20230907 22:23:03.002" endtime="20230907 22:23:03.456"/>
</kw>
<kw name="Enter registerd password" library="login_robot">
<arg>${password}</arg>
<kw name="Input Text" library="SeleniumLibrary">
<arg>${login_password}</arg>
<arg>${password}</arg>
<doc>Types the given ``text`` into the text field identified by ``locator``.</doc>
<msg timestamp="20230907 22:23:03.464" level="INFO">Typing text '' into text field 'id:Password'.</msg>
<status status="PASS" starttime="20230907 22:23:03.464" endtime="20230907 22:23:03.667"/>
</kw>
<status status="PASS" starttime="20230907 22:23:03.456" endtime="20230907 22:23:03.667"/>
</kw>
<kw name="Click login button" library="login_robot">
<kw name="Click Element" library="SeleniumLibrary">
<arg>${login_button}</arg>
<doc>Click the element identified by ``locator``.</doc>
<msg timestamp="20230907 22:23:03.675" level="INFO">Clicking element 'xpath://input[@value='Log in']'.</msg>
<status status="PASS" starttime="20230907 22:23:03.675" endtime="20230907 22:23:04.901"/>
</kw>
<status status="PASS" starttime="20230907 22:23:03.667" endtime="20230907 22:23:04.901"/>
</kw>
<kw name="Error message visible" library="login_robot">
<kw name="Page Should Contain" library="SeleniumLibrary">
<arg>Login was unsuccessful.</arg>
<doc>Verifies that current page contains ``text``.</doc>
<msg timestamp="20230907 22:23:04.943" level="INFO">Current page contains text 'Login was unsuccessful.'.</msg>
<status status="PASS" starttime="20230907 22:23:04.909" endtime="20230907 22:23:04.943"/>
</kw>
<status status="PASS" starttime="20230907 22:23:04.901" endtime="20230907 22:23:04.943"/>
</kw>
<status status="PASS" starttime="20230907 22:23:03.002" endtime="20230907 22:23:04.943"/>
</kw>
<status status="PASS" starttime="20230907 22:23:02.994" endtime="20230907 22:23:04.943"/>
</test>
<kw name="Close All Browsers" library="SeleniumLibrary" type="TEARDOWN">
<doc>Closes all open browsers and resets the browser cache.</doc>
<status status="PASS" starttime="20230907 22:23:04.943" endtime="20230907 22:23:11.100"/>
</kw>
<status status="PASS" starttime="20230907 22:22:42.598" endtime="20230907 22:23:11.100"/>
</suite>
<suite id="s1-s2" name="Driver" source="C:\Users\Trax\PycharmProjects\demorobot\project\Driver.robot">
<kw name="launching url" library="register_robot" type="SETUP">
<arg>headlesschrome</arg>
<kw name="Open Browser" library="SeleniumLibrary">
<arg>${login url}</arg>
<arg>${browser}</arg>
<doc>Opens a new browser instance to the optional ``url``.</doc>
<msg timestamp="20230907 22:22:45.528" level="INFO">Opening browser 'headlesschrome' to base url 'https://demowebshop.tricentis.com/login'.</msg>
<status status="PASS" starttime="20230907 22:22:45.528" endtime="20230907 22:22:54.152"/>
</kw>
<status status="PASS" starttime="20230907 22:22:45.528" endtime="20230907 22:22:54.160"/>
</kw>
<test id="s1-s2-t1" name="verify login" line="12">
<kw name="invalid login">
<arg>chru@gmail.com</arg>
<arg>Python@20</arg>
<kw name="Enter registerd username" library="login_robot">
<arg>${username}</arg>
<kw name="Input Text" library="SeleniumLibrary">
<arg>${login_username}</arg>
<arg>${username}</arg>
<doc>Types the given ``text`` into the text field identified by ``locator``.</doc>
<msg timestamp="20230907 22:22:54.168" level="INFO">Typing text 'chru@gmail.com' into text field 'id:Email'.</msg>
<status status="PASS" starttime="20230907 22:22:54.168" endtime="20230907 22:22:54.439"/>
</kw>
<status status="PASS" starttime="20230907 22:22:54.168" endtime="20230907 22:22:54.439"/>
</kw>
<kw name="Enter registerd password" library="login_robot">
<arg>${password}</arg>
<kw name="Input Text" library="SeleniumLibrary">
<arg>${login_password}</arg>
<arg>${password}</arg>
<doc>Types the given ``text`` into the text field identified by ``locator``.</doc>
<msg timestamp="20230907 22:22:54.447" level="INFO">Typing text 'Python@20' into text field 'id:Password'.</msg>
<status status="PASS" starttime="20230907 22:22:54.439" endtime="20230907 22:22:54.707"/>
</kw>
<status status="PASS" starttime="20230907 22:22:54.439" endtime="20230907 22:22:54.707"/>
</kw>
<kw name="Click login button" library="login_robot">
<kw name="Click Element" library="SeleniumLibrary">
<arg>${login_button}</arg>
<doc>Click the element identified by ``locator``.</doc>
<msg timestamp="20230907 22:22:54.715" level="INFO">Clicking element 'xpath://input[@value='Log in']'.</msg>
<status status="PASS" starttime="20230907 22:22:54.715" endtime="20230907 22:22:55.826"/>
</kw>
<status status="PASS" starttime="20230907 22:22:54.715" endtime="20230907 22:22:55.826"/>
</kw>
<kw name="Error message visible" library="login_robot">
<kw name="Page Should Contain" library="SeleniumLibrary">
<arg>Login was unsuccessful.</arg>
<doc>Verifies that current page contains ``text``.</doc>
<msg timestamp="20230907 22:22:55.882" level="INFO">Current page contains text 'Login was unsuccessful.'.</msg>
<status status="PASS" starttime="20230907 22:22:55.834" endtime="20230907 22:22:55.882"/>
</kw>
<status status="PASS" starttime="20230907 22:22:55.826" endtime="20230907 22:22:55.882"/>
</kw>
<status status="PASS" starttime="20230907 22:22:54.160" endtime="20230907 22:22:55.890"/>
</kw>
<status status="PASS" starttime="20230907 22:22:54.160" endtime="20230907 22:22:55.890"/>
</test>
<test id="s1-s2-t2" name="verify login" line="12">
<kw name="invalid login">
<arg>chriu22py@gmail.com</arg>
<arg>Python@202</arg>
<kw name="Enter registerd username" library="login_robot">
<arg>${username}</arg>
<kw name="Input Text" library="SeleniumLibrary">
<arg>${login_username}</arg>
<arg>${username}</arg>
<doc>Types the given ``text`` into the text field identified by ``locator``.</doc>
<msg timestamp="20230907 22:22:55.900" level="INFO">Typing text 'chriu22py@gmail.com' into text field 'id:Email'.</msg>
<status status="PASS" starttime="20230907 22:22:55.900" endtime="20230907 22:22:56.192"/>
</kw>
<status status="PASS" starttime="20230907 22:22:55.900" endtime="20230907 22:22:56.192"/>
</kw>
<kw name="Enter registerd password" library="login_robot">
<arg>${password}</arg>
<kw name="Input Text" library="SeleniumLibrary">
<arg>${login_password}</arg>
<arg>${password}</arg>
<doc>Types the given ``text`` into the text field identified by ``locator``.</doc>
<msg timestamp="20230907 22:22:56.200" level="INFO">Typing text 'Python@202' into text field 'id:Password'.</msg>
<status status="PASS" starttime="20230907 22:22:56.192" endtime="20230907 22:22:56.641"/>
</kw>
<status status="PASS" starttime="20230907 22:22:56.192" endtime="20230907 22:22:56.641"/>
</kw>
<kw name="Click login button" library="login_robot">
<kw name="Click Element" library="SeleniumLibrary">
<arg>${login_button}</arg>
<doc>Click the element identified by ``locator``.</doc>
<msg timestamp="20230907 22:22:56.641" level="INFO">Clicking element 'xpath://input[@value='Log in']'.</msg>
<status status="PASS" starttime="20230907 22:22:56.641" endtime="20230907 22:22:58.114"/>
</kw>
<status status="PASS" starttime="20230907 22:22:56.641" endtime="20230907 22:22:58.122"/>
</kw>
<kw name="Error message visible" library="login_robot">
<kw name="Page Should Contain" library="SeleniumLibrary">
<arg>Login was unsuccessful.</arg>
<doc>Verifies that current page contains ``text``.</doc>
<msg timestamp="20230907 22:22:58.184" level="INFO">Current page contains text 'Login was unsuccessful.'.</msg>
<status status="PASS" starttime="20230907 22:22:58.122" endtime="20230907 22:22:58.184"/>
</kw>
<status status="PASS" starttime="20230907 22:22:58.122" endtime="20230907 22:22:58.184"/>
</kw>
<status status="PASS" starttime="20230907 22:22:55.892" endtime="20230907 22:22:58.184"/>
</kw>
<status status="PASS" starttime="20230907 22:22:55.892" endtime="20230907 22:22:58.193"/>
</test>
<kw name="Close All Browsers" library="SeleniumLibrary" type="TEARDOWN">
<doc>Closes all open browsers and resets the browser cache.</doc>
<status status="PASS" starttime="20230907 22:22:58.193" endtime="20230907 22:23:04.483"/>
</kw>
<doc>DataDriver Testing with excel</doc>
<status status="PASS" starttime="20230907 22:22:42.545" endtime="20230907 22:23:04.483"/>
</suite>
<doc>[https://pabot.org/?ref=log|Pabot] result from 2 executions.</doc>
<status status="PASS" starttime="20230907 22:22:42.482" endtime="20230907 22:23:11.100"/>
</suite>
<statistics>
<total>
<stat pass="8" fail="0" skip="0">All Tests</stat>
</total>
<tag>
</tag>
<suite>
<stat pass="8" fail="0" skip="0" id="s1" name="Suites">Suites</stat>
<stat pass="6" fail="0" skip="0" id="s1-s1" name="DDT">Suites.DDT</stat>
<stat pass="2" fail="0" skip="0" id="s1-s2" name="Driver">Suites.Driver</stat>
</suite>
</statistics>
<errors>
<msg timestamp="20230907 22:22:55.892" level="WARN">Multiple tests with name 'verify login' executed in suite 'Suites.Driver'.</msg>
</errors>
</robot>
